<?xml version="1.0" encoding="utf-8"?><testsuites name="pytest tests"><testsuite name="pytest" errors="0" failures="0" skipped="0" tests="15" time="2.379" timestamp="2026-04-16T14:17:06.880611+00:00" hostname="agent-env-c933fc2e-505b-40fe-bdb8-e3c5125569fa"><testcase classname="backend.tests.test_matarai" name="test_root_api" time="0.247" /><testcase classname="backend.tests.test_matarai" name="test_login_success" time="0.290" /><testcase classname="backend.tests.test_matarai" name="test_login_invalid" time="0.381" /><testcase classname="backend.tests.test_matarai" name="test_auth_me" time="0.351" /><testcase classname="backend.tests.test_matarai" name="test_auth_me_unauthenticated" time="0.199" /><testcase classname="backend.tests.test_matarai" name="test_blog_get_published" time="0.064" /><testcase classname="backend.tests.test_matarai" name="test_blog_get_with_category" time="0.059" /><testcase classname="backend.tests.test_matarai" name="test_blog_get_slug" time="0.057" /><testcase classname="backend.tests.test_matarai" name="test_blog_get_slug_404" time="0.054" /><testcase classname="backend.tests.test_matarai" name="test_contact_submit" time="0.067" /><testcase classname="backend.tests.test_matarai" name="test_admin_blog_list" time="0.061" /><testcase classname="backend.tests.test_matarai" name="test_admin_blog_list_unauth" time="0.153" /><testcase classname="backend.tests.test_matarai" name="test_admin_create_update_delete" time="0.195" /><testcase classname="backend.tests.test_matarai" name="test_admin_create_duplicate_slug" time="0.054" /><testcase classname="backend.tests.test_matarai" name="test_logout" time="0.057" /></testsuite></testsuites>