<?xml version="1.0" encoding="utf-8"?><testsuites name="pytest tests"><testsuite name="pytest" errors="0" failures="0" skipped="0" tests="15" time="5.525" timestamp="2026-04-16T15:16:48.720888+00:00" hostname="agent-env-c933fc2e-505b-40fe-bdb8-e3c5125569fa"><testcase classname="backend.tests.test_matarai" name="test_root_api" time="0.526" /><testcase classname="backend.tests.test_matarai" name="test_login_success" time="0.395" /><testcase classname="backend.tests.test_matarai" name="test_login_invalid" time="0.352" /><testcase classname="backend.tests.test_matarai" name="test_auth_me" time="0.543" /><testcase classname="backend.tests.test_matarai" name="test_auth_me_unauthenticated" time="0.149" /><testcase classname="backend.tests.test_matarai" name="test_blog_get_published" time="0.163" /><testcase classname="backend.tests.test_matarai" name="test_blog_get_with_category" time="0.188" /><testcase classname="backend.tests.test_matarai" name="test_blog_get_slug" time="0.187" /><testcase classname="backend.tests.test_matarai" name="test_blog_get_slug_404" time="0.188" /><testcase classname="backend.tests.test_matarai" name="test_contact_submit" time="0.195" /><testcase classname="backend.tests.test_matarai" name="test_admin_blog_list" time="0.191" /><testcase classname="backend.tests.test_matarai" name="test_admin_blog_list_unauth" time="1.517" /><testcase classname="backend.tests.test_matarai" name="test_admin_create_update_delete" time="0.512" /><testcase classname="backend.tests.test_matarai" name="test_admin_create_duplicate_slug" time="0.196" /><testcase classname="backend.tests.test_matarai" name="test_logout" time="0.148" /></testsuite></testsuites>